Flow report for Generator
Mon Nov 12 22:20:24 2018
Quartus II 64-Bit Version 10.1 Build 153 11/29/2010 SJ Web Edition


---------------------
; Table of Contents ;
---------------------
  1. Legal Notice
  2. Flow Summary
  3. Flow Settings
  4. Flow Non-Default Global Settings
  5. Flow Elapsed Time
  6. Flow OS Summary
  7. Flow Log



----------------
; Legal Notice ;
----------------
Copyright (C) 1991-2010 Altera Corporation
Your use of Altera Corporation's design tools, logic functions 
and other software and tools, and its AMPP partner logic 
functions, and any output files from any of the foregoing 
(including device programming or simulation files), and any 
associated documentation or information are expressly subject 
to the terms and conditions of the Altera Program License 
Subscription Agreement, Altera MegaCore Function License 
Agreement, or other applicable license agreement, including, 
without limitation, that your use is for the sole purpose of 
programming logic devices manufactured by Altera and sold by 
Altera or its authorized distributors.  Please refer to the 
applicable agreement for further details.



+-------------------------------------------------------------------------------+
; Flow Summary                                                                  ;
+------------------------------------+------------------------------------------+
; Flow Status                        ; Successful - Mon Nov 12 22:20:23 2018    ;
; Quartus II 64-Bit Version          ; 10.1 Build 153 11/29/2010 SJ Web Edition ;
; Revision Name                      ; Generator                                ;
; Top-level Entity Name              ; Generator                                ;
; Family                             ; Cyclone IV E                             ;
; Device                             ; EP4CE22F17C6                             ;
; Timing Models                      ; Final                                    ;
; Total logic elements               ; 101 / 22,320 ( < 1 % )                   ;
;     Total combinational functions  ; 101 / 22,320 ( < 1 % )                   ;
;     Dedicated logic registers      ; 41 / 22,320 ( < 1 % )                    ;
; Total registers                    ; 41                                       ;
; Total pins                         ; 27 / 154 ( 18 % )                        ;
; Total virtual pins                 ; 0                                        ;
; Total memory bits                  ; 0 / 608,256 ( 0 % )                      ;
; Embedded Multiplier 9-bit elements ; 2 / 132 ( 2 % )                          ;
; Total PLLs                         ; 0 / 4 ( 0 % )                            ;
+------------------------------------+------------------------------------------+


+-----------------------------------------+
; Flow Settings                           ;
+-------------------+---------------------+
; Option            ; Setting             ;
+-------------------+---------------------+
; Start date & time ; 11/12/2018 22:20:08 ;
; Main task         ; Compilation         ;
; Revision Name     ; Generator           ;
+-------------------+---------------------+


+-----------------------------------------------------------------------------------------------------------------------------------------------------------------------------------------+
; Flow Non-Default Global Settings                                                                                                                                                        ;
+-------------------------------------+--------------------------------------------------------------------------------------------------------+---------------+-------------+------------+
; Assignment Name                     ; Value                                                                                                  ; Default Value ; Entity Name ; Section Id ;
+-------------------------------------+--------------------------------------------------------------------------------------------------------+---------------+-------------+------------+
; COMPILER_SIGNATURE_ID               ; 106481261932272.154205400804216                                                                        ; --            ; --          ; --         ;
; MISC_FILE                           ; C:/Users/Markus/Desktop/de0/Tools/DE0_Nano_SystemBuilder/CodeGenerated/DE0_NANO/DE0_NANO/Generator.dpf ; --            ; --          ; --         ;
; PARTITION_COLOR                     ; 16764057                                                                                               ; --            ; --          ; Top        ;
; PARTITION_FITTER_PRESERVATION_LEVEL ; PLACEMENT_AND_ROUTING                                                                                  ; --            ; --          ; Top        ;
; PARTITION_NETLIST_TYPE              ; SOURCE                                                                                                 ; --            ; --          ; Top        ;
+-------------------------------------+--------------------------------------------------------------------------------------------------------+---------------+-------------+------------+


+-------------------------------------------------------------------------------------------------------------------------------+
; Flow Elapsed Time                                                                                                             ;
+---------------------------+--------------+-------------------------+---------------------+------------------------------------+
; Module Name               ; Elapsed Time ; Average Processors Used ; Peak Virtual Memory ; Total CPU Time (on all processors) ;
+---------------------------+--------------+-------------------------+---------------------+------------------------------------+
; Analysis & Synthesis      ; 00:00:03     ; 1.0                     ; 363 MB              ; 00:00:03                           ;
; Fitter                    ; 00:00:07     ; 1.0                     ; 425 MB              ; 00:00:07                           ;
; Assembler                 ; 00:00:03     ; 1.0                     ; 322 MB              ; 00:00:02                           ;
; TimeQuest Timing Analyzer ; 00:00:04     ; 1.0                     ; 341 MB              ; 00:00:04                           ;
; Total                     ; 00:00:17     ; --                      ; --                  ; 00:00:16                           ;
+---------------------------+--------------+-------------------------+---------------------+------------------------------------+


+----------------------------------------------------------------------------------------+
; Flow OS Summary                                                                        ;
+---------------------------+------------------+-----------+------------+----------------+
; Module Name               ; Machine Hostname ; OS Name   ; OS Version ; Processor type ;
+---------------------------+------------------+-----------+------------+----------------+
; Analysis & Synthesis      ; Markus-PC        ; Windows 7 ; 6.1        ; x86_64         ;
; Fitter                    ; Markus-PC        ; Windows 7 ; 6.1        ; x86_64         ;
; Assembler                 ; Markus-PC        ; Windows 7 ; 6.1        ; x86_64         ;
; TimeQuest Timing Analyzer ; Markus-PC        ; Windows 7 ; 6.1        ; x86_64         ;
+---------------------------+------------------+-----------+------------+----------------+


------------
; Flow Log ;
------------
quartus_map --read_settings_files=on --write_settings_files=off Generator -c Generator
quartus_fit --read_settings_files=off --write_settings_files=off Generator -c Generator
quartus_asm --read_settings_files=off --write_settings_files=off Generator -c Generator
quartus_sta Generator -c Generator



